<?xml version="1.0" encoding="UTF-8" ?>
<testsuites>
  <testsuite errors="0" failures="1" hostname="maciek-LAPTOP" id="0" name="TaskControllerSpec" package="codilime" tests="4" time="5.639" timestamp="2013-03-30T20:13:36">
      <properties />

      <testcase classname="codilime.TaskControllerSpec" name="mocktest only" time="4.037" />

      <testcase classname="codilime.TaskControllerSpec" name="correct response scheduled" time="0.881" />

      <testcase classname="codilime.TaskControllerSpec" name="correct response running" time="0.099" />

      <testcase classname="codilime.TaskControllerSpec" name="correct count running tasks" time="0.466">
          <failure message="Condition not satisfied:&#xa;&#xa;controller.response.text.equals((new Integer(50).toString()))&#xa;|          |        |    |       |               |&#xa;|          |        0    false   50              50&#xa;|          org.codehaus.groovy.grails.plugins.testing.GrailsMockHttpServletResponse@f2bb57&#xa;codilime.TaskController@1f2947d&#xa;" type="junit.framework.AssertionFailedError">junit.framework.AssertionFailedError: Condition not satisfied:

controller.response.text.equals((new Integer(50).toString()))
|          |        |    |       |               |
|          |        0    false   50              50
|          org.codehaus.groovy.grails.plugins.testing.GrailsMockHttpServletResponse@f2bb57
codilime.TaskController@1f2947d

	at codilime.TaskControllerSpec.correct count running tasks(TaskControllerSpec.groovy:72)
</failure>

      </testcase>

      <system-out><![CDATA[--Output from mocktest only--
--Output from correct response scheduled--
--Output from correct response running--
0--Output from correct count running tasks--
0]]></system-out>

      <system-err><![CDATA[--Output from mocktest only--
--Output from correct response scheduled--
--Output from correct response running--
--Output from correct count running tasks--
]]></system-err>

  </testsuite>
  <testsuite errors="0" failures="0" hostname="maciek-LAPTOP" id="1" name="TaskSpec" package="codilime" tests="2" time="0.375" timestamp="2013-03-30T20:13:42">
      <properties />

      <testcase classname="codilime.TaskSpec" name="test task all constraints state initialized with error value: min" time="0.271" />

      <testcase classname="codilime.TaskSpec" name="test task all constraints state initialized with error value: max" time="0.062" />

      <system-out><![CDATA[--Output from test task all constraints state initialized with error value: min--
--Output from test task all constraints state initialized with error value: max--
]]></system-out>

      <system-err><![CDATA[--Output from test task all constraints state initialized with error value: min--
--Output from test task all constraints state initialized with error value: max--
]]></system-err>

  </testsuite>
</testsuites>
